2025-04-04 11:53:56.859671 - Received SBGOLOB.CBT509.FILE566 from FILE566.XMI 
2025-04-04 11:53:56.863718 - Found $$$#DATE.txt (text/plain) in SBGOLOB.CBT509.FILE566, moved to PDS/$$$#DATE
2025-04-04 11:53:56.863872 - Found $$$READ.txt (text/plain) in SBGOLOB.CBT509.FILE566, moved to PDS/$$$READ
2025-04-04 11:53:56.864011 - Found $$INDEX.txt (text/plain) in SBGOLOB.CBT509.FILE566, moved to PDS/$$INDEX
2025-04-04 11:53:56.864144 - Found $$NOTE01.eml (message/rfc822) in SBGOLOB.CBT509.FILE566, moved to PDS/$$NOTE01
2025-04-04 11:53:56.864263 - Found $$NOTE02.txt (text/plain) in SBGOLOB.CBT509.FILE566, moved to PDS/$$NOTE02
2025-04-04 11:53:56.864384 - Found $$NOTE03.txt (text/plain) in SBGOLOB.CBT509.FILE566, moved to PDS/$$NOTE03
2025-04-04 11:53:56.864503 - Found $$NOTE04.txt (text/plain) in SBGOLOB.CBT509.FILE566, moved to PDS/$$NOTE04
2025-04-04 11:53:56.864640 - Found $CALL.txt (text/plain) in SBGOLOB.CBT509.FILE566, moved to PDS/$CALL
2025-04-04 11:53:56.864781 - Found $CMD.txt (text/plain) in SBGOLOB.CBT509.FILE566, moved to PDS/$CMD
2025-04-04 11:53:56.864897 - Found #ASMALL.jcl (text/plain) in SBGOLOB.CBT509.FILE566, moved to PDS/#ASMALL
2025-04-04 11:53:56.865045 - Found @FILE566.txt (text/plain) in SBGOLOB.CBT509.FILE566, moved to PDS/@FILE566
2025-04-04 11:53:56.865167 - Found APFLIST.txt (text/plain) in SBGOLOB.CBT509.FILE566, moved to PDS/APFLIST
2025-04-04 11:53:56.865306 - Found APFLIST0.txt (text/plain) in SBGOLOB.CBT509.FILE566, moved to PDS/APFLIST0
2025-04-04 11:53:56.865425 - Found APUT.txt (text/plain) in SBGOLOB.CBT509.FILE566, moved to PDS/APUT
2025-04-04 11:53:56.865545 - Found CLISTS.txt (text/plain) in SBGOLOB.CBT509.FILE566, moved to PDS/CLISTS
2025-04-04 11:53:56.865691 - Found CONNECT.txt (text/plain) in SBGOLOB.CBT509.FILE566, moved to PDS/CONNECT
2025-04-04 11:53:56.865815 - Found CONSOLE.txt (text/plain) in SBGOLOB.CBT509.FILE566, moved to PDS/CONSOLE
2025-04-04 11:53:56.865944 - Found COPYTP.txt (text/plain) in SBGOLOB.CBT509.FILE566, moved to PDS/COPYTP
2025-04-04 11:53:56.866060 - Found COPYTPX.txt (text/plain) in SBGOLOB.CBT509.FILE566, moved to PDS/COPYTPX
2025-04-04 11:53:56.866188 - Found COPYTPX$.jcl (text/plain) in SBGOLOB.CBT509.FILE566, moved to PDS/COPYTPX$
2025-04-04 11:53:56.866346 - Found DSCATNAM.txt (text/plain) in SBGOLOB.CBT509.FILE566, moved to PDS/DSCATNAM
2025-04-04 11:53:56.866489 - Found DSCPPL.txt (text/plain) in SBGOLOB.CBT509.FILE566, moved to PDS/DSCPPL
2025-04-04 11:53:56.866616 - Found DSDSM08.txt (text/plain) in SBGOLOB.CBT509.FILE566, moved to PDS/DSDSM08
2025-04-04 11:53:56.866736 - Found DSUNARC.txt (text/plain) in SBGOLOB.CBT509.FILE566, moved to PDS/DSUNARC
2025-04-04 11:53:56.866875 - Found DSWTO.txt (text/plain) in SBGOLOB.CBT509.FILE566, moved to PDS/DSWTO
2025-04-04 11:53:56.867010 - Found DSWTOMSG.txt (text/plain) in SBGOLOB.CBT509.FILE566, moved to PDS/DSWTOMSG
2025-04-04 11:53:56.867122 - Found DUMPACE$.jcl (text/plain) in SBGOLOB.CBT509.FILE566, moved to PDS/DUMPACE$
2025-04-04 11:53:56.867258 - Found DUMPACEE.txt (text/plain) in SBGOLOB.CBT509.FILE566, moved to PDS/DUMPACEE
2025-04-04 11:53:56.867392 - Found DUMPASC$.jcl (text/plain) in SBGOLOB.CBT509.FILE566, moved to PDS/DUMPASC$
2025-04-04 11:53:56.867526 - Found DUMPASCB.txt (text/plain) in SBGOLOB.CBT509.FILE566, moved to PDS/DUMPASCB
2025-04-04 11:53:56.867705 - Found DUMPASCO.txt (text/plain) in SBGOLOB.CBT509.FILE566, moved to PDS/DUMPASCO
2025-04-04 11:53:56.867896 - Found DUMPASS$.jcl (text/plain) in SBGOLOB.CBT509.FILE566, moved to PDS/DUMPASS$
2025-04-04 11:53:56.868036 - Found DUMPASSB.txt (text/plain) in SBGOLOB.CBT509.FILE566, moved to PDS/DUMPASSB
2025-04-04 11:53:56.868162 - Found DUMPASV$.jcl (text/plain) in SBGOLOB.CBT509.FILE566, moved to PDS/DUMPASV$
2025-04-04 11:53:56.868281 - Found DUMPASVT.txt (text/plain) in SBGOLOB.CBT509.FILE566, moved to PDS/DUMPASVT
2025-04-04 11:53:56.868427 - Found DUMPCSC$.jcl (text/plain) in SBGOLOB.CBT509.FILE566, moved to PDS/DUMPCSC$
2025-04-04 11:53:56.868565 - Found DUMPCSCB.txt (text/plain) in SBGOLOB.CBT509.FILE566, moved to PDS/DUMPCSCB
2025-04-04 11:53:56.868695 - Found DUMPCSCO.txt (text/plain) in SBGOLOB.CBT509.FILE566, moved to PDS/DUMPCSCO
2025-04-04 11:53:56.868834 - Found DUMPCVT.txt (text/plain) in SBGOLOB.CBT509.FILE566, moved to PDS/DUMPCVT
2025-04-04 11:53:56.868959 - Found DUMPCVT$.jcl (text/plain) in SBGOLOB.CBT509.FILE566, moved to PDS/DUMPCVT$
2025-04-04 11:53:56.869074 - Found DUMPINM$.jcl (text/plain) in SBGOLOB.CBT509.FILE566, moved to PDS/DUMPINM$
2025-04-04 11:53:56.869196 - Found DUMPINMX.txt (text/plain) in SBGOLOB.CBT509.FILE566, moved to PDS/DUMPINMX
2025-04-04 11:53:56.869309 - Found DUMPIOV$.jcl (text/plain) in SBGOLOB.CBT509.FILE566, moved to PDS/DUMPIOV$
2025-04-04 11:53:56.869503 - Found DUMPIOVT.txt (text/plain) in SBGOLOB.CBT509.FILE566, moved to PDS/DUMPIOVT
2025-04-04 11:53:56.869665 - Found DUMPJCT.txt (text/plain) in SBGOLOB.CBT509.FILE566, moved to PDS/DUMPJCT
2025-04-04 11:53:56.869789 - Found DUMPJCT$.jcl (text/plain) in SBGOLOB.CBT509.FILE566, moved to PDS/DUMPJCT$
2025-04-04 11:53:56.869936 - Found DUMPJCTO.txt (text/plain) in SBGOLOB.CBT509.FILE566, moved to PDS/DUMPJCTO
2025-04-04 11:53:56.870060 - Found DUMPLCT.txt (text/plain) in SBGOLOB.CBT509.FILE566, moved to PDS/DUMPLCT
2025-04-04 11:53:56.870174 - Found DUMPLCT$.jcl (text/plain) in SBGOLOB.CBT509.FILE566, moved to PDS/DUMPLCT$
2025-04-04 11:53:56.870292 - Found DUMPLCTO.txt (text/plain) in SBGOLOB.CBT509.FILE566, moved to PDS/DUMPLCTO
2025-04-04 11:53:56.870421 - Found DUMPLIB.xmi (application/xmit) in SBGOLOB.CBT509.FILE566, moved to PDS/DUMPLIB.xmi
2025-04-04 11:53:56.886761 - Received SYS1.W$$.LINKLIB from DUMPLIB.xmi 
2025-04-04 11:53:56.887269 - Found DUMPCSCB.bin (application/octet-stream) in SYS1.W$$.LINKLIB, moved to DUMPLIB/DUMPCSCB
2025-04-04 11:53:56.887399 - Found DUMPJCT.bin (application/octet-stream) in SYS1.W$$.LINKLIB, moved to DUMPLIB/DUMPJCT
2025-04-04 11:53:56.887513 - Found DUMPLCT.bin (application/octet-stream) in SYS1.W$$.LINKLIB, moved to DUMPLIB/DUMPLCT
2025-04-04 11:53:56.887639 - Found DUMPLWA.bin (application/octet-stream) in SYS1.W$$.LINKLIB, moved to DUMPLIB/DUMPLWA
2025-04-04 11:53:56.887750 - Found DUMPPCCB.bin (application/octet-stream) in SYS1.W$$.LINKLIB, moved to DUMPLIB/DUMPPCCB
2025-04-04 11:53:56.888040 - Found DUMPPPT.bin (application/octet-stream) in SYS1.W$$.LINKLIB, moved to DUMPLIB/DUMPPPT
2025-04-04 11:53:56.888153 - Found DUMPPRB.bin (application/octet-stream) in SYS1.W$$.LINKLIB, moved to DUMPLIB/DUMPPRB
2025-04-04 11:53:56.888268 - Found DUMPSCT.bin (application/octet-stream) in SYS1.W$$.LINKLIB, moved to DUMPLIB/DUMPSCT
2025-04-04 11:53:56.888379 - Found DUMPTCT.bin (application/octet-stream) in SYS1.W$$.LINKLIB, moved to DUMPLIB/DUMPTCT
2025-04-04 11:53:56.888489 - Found DUMPTIOT.bin (application/octet-stream) in SYS1.W$$.LINKLIB, moved to DUMPLIB/DUMPTIOT
2025-04-04 11:53:56.888601 - Found DUMPTSB.bin (application/octet-stream) in SYS1.W$$.LINKLIB, moved to DUMPLIB/DUMPTSB
2025-04-04 11:53:56.889181 - Found DUMPLWA.txt (text/plain) in SBGOLOB.CBT509.FILE566, moved to PDS/DUMPLWA
2025-04-04 11:53:56.889336 - Found DUMPLWA$.jcl (text/plain) in SBGOLOB.CBT509.FILE566, moved to PDS/DUMPLWA$
2025-04-04 11:53:56.889464 - Found DUMPLWAO.txt (text/plain) in SBGOLOB.CBT509.FILE566, moved to PDS/DUMPLWAO
2025-04-04 11:53:56.889576 - Found DUMPLWA1.txt (text/plain) in SBGOLOB.CBT509.FILE566, moved to PDS/DUMPLWA1
2025-04-04 11:53:56.889694 - Found DUMPPCC$.jcl (text/plain) in SBGOLOB.CBT509.FILE566, moved to PDS/DUMPPCC$
2025-04-04 11:53:56.889840 - Found DUMPPCCB.txt (text/plain) in SBGOLOB.CBT509.FILE566, moved to PDS/DUMPPCCB
2025-04-04 11:53:56.889976 - Found DUMPPCCO.txt (text/plain) in SBGOLOB.CBT509.FILE566, moved to PDS/DUMPPCCO
2025-04-04 11:53:56.890110 - Found DUMPPPT.txt (text/plain) in SBGOLOB.CBT509.FILE566, moved to PDS/DUMPPPT
2025-04-04 11:53:56.890221 - Found DUMPPPT$.jcl (text/plain) in SBGOLOB.CBT509.FILE566, moved to PDS/DUMPPPT$
2025-04-04 11:53:56.890332 - Found DUMPPRB.txt (text/plain) in SBGOLOB.CBT509.FILE566, moved to PDS/DUMPPRB
2025-04-04 11:53:56.890457 - Found DUMPPRB$.jcl (text/plain) in SBGOLOB.CBT509.FILE566, moved to PDS/DUMPPRB$
2025-04-04 11:53:56.890563 - Found DUMPPRBO.txt (text/plain) in SBGOLOB.CBT509.FILE566, moved to PDS/DUMPPRBO
2025-04-04 11:53:56.890831 - Found DUMPPSC$.jcl (text/plain) in SBGOLOB.CBT509.FILE566, moved to PDS/DUMPPSC$
2025-04-04 11:53:56.890972 - Found DUMPPSCB.txt (text/plain) in SBGOLOB.CBT509.FILE566, moved to PDS/DUMPPSCB
2025-04-04 11:53:56.891094 - Found DUMPRCV$.jcl (text/plain) in SBGOLOB.CBT509.FILE566, moved to PDS/DUMPRCV$
2025-04-04 11:53:56.891222 - Found DUMPRCVT.txt (text/plain) in SBGOLOB.CBT509.FILE566, moved to PDS/DUMPRCVT
2025-04-04 11:53:56.891372 - Found DUMPSCT.txt (text/plain) in SBGOLOB.CBT509.FILE566, moved to PDS/DUMPSCT
2025-04-04 11:53:56.891490 - Found DUMPSCT$.jcl (text/plain) in SBGOLOB.CBT509.FILE566, moved to PDS/DUMPSCT$
2025-04-04 11:53:56.891618 - Found DUMPSCTO.txt (text/plain) in SBGOLOB.CBT509.FILE566, moved to PDS/DUMPSCTO
2025-04-04 11:53:56.891734 - Found DUMPTCT.txt (text/plain) in SBGOLOB.CBT509.FILE566, moved to PDS/DUMPTCT
2025-04-04 11:53:56.891847 - Found DUMPTCT$.jcl (text/plain) in SBGOLOB.CBT509.FILE566, moved to PDS/DUMPTCT$
2025-04-04 11:53:56.891957 - Found DUMPTCTO.txt (text/plain) in SBGOLOB.CBT509.FILE566, moved to PDS/DUMPTCTO
2025-04-04 11:53:56.892071 - Found DUMPTIO$.jcl (text/plain) in SBGOLOB.CBT509.FILE566, moved to PDS/DUMPTIO$
2025-04-04 11:53:56.892195 - Found DUMPTIOO.txt (text/plain) in SBGOLOB.CBT509.FILE566, moved to PDS/DUMPTIOO
2025-04-04 11:53:56.892307 - Found DUMPTIOT.txt (text/plain) in SBGOLOB.CBT509.FILE566, moved to PDS/DUMPTIOT
2025-04-04 11:53:56.892438 - Found DUMPTSB.txt (text/plain) in SBGOLOB.CBT509.FILE566, moved to PDS/DUMPTSB
2025-04-04 11:53:56.892561 - Found DUMPTSB$.jcl (text/plain) in SBGOLOB.CBT509.FILE566, moved to PDS/DUMPTSB$
2025-04-04 11:53:56.892688 - Found DUMPTSBO.txt (text/plain) in SBGOLOB.CBT509.FILE566, moved to PDS/DUMPTSBO
2025-04-04 11:53:56.892815 - Found DUMPTSB1.txt (text/plain) in SBGOLOB.CBT509.FILE566, moved to PDS/DUMPTSB1
2025-04-04 11:53:56.892932 - Found DUMPTSV$.jcl (text/plain) in SBGOLOB.CBT509.FILE566, moved to PDS/DUMPTSV$
2025-04-04 11:53:56.893061 - Found DUMPTSVT.txt (text/plain) in SBGOLOB.CBT509.FILE566, moved to PDS/DUMPTSVT
2025-04-04 11:53:56.893190 - Found DYNAM.txt (text/plain) in SBGOLOB.CBT509.FILE566, moved to PDS/DYNAM
2025-04-04 11:53:56.893307 - Found DYNAMDOC.txt (text/plain) in SBGOLOB.CBT509.FILE566, moved to PDS/DYNAMDOC
2025-04-04 11:53:56.893432 - Found EPUTL.txt (text/plain) in SBGOLOB.CBT509.FILE566, moved to PDS/EPUTL
2025-04-04 11:53:56.893579 - Found FIXDSCB.txt (text/plain) in SBGOLOB.CBT509.FILE566, moved to PDS/FIXDSCB
2025-04-04 11:53:56.893722 - Found FIXDSCB$.jcl (text/plain) in SBGOLOB.CBT509.FILE566, moved to PDS/FIXDSCB$
2025-04-04 11:53:56.893858 - Found FIXDSCB1.txt (text/plain) in SBGOLOB.CBT509.FILE566, moved to PDS/FIXDSCB1
2025-04-04 11:53:56.893988 - Found FIXDSCB2.txt (text/plain) in SBGOLOB.CBT509.FILE566, moved to PDS/FIXDSCB2
2025-04-04 11:53:56.894111 - Found F566DUMP.xmi (application/xmit) in SBGOLOB.CBT509.FILE566, moved to PDS/F566DUMP.xmi
2025-04-04 11:53:56.922093 - Received SBGOLOB.F566DUMP.LOAD from F566DUMP.xmi 
2025-04-04 11:53:56.922745 - Found DUMPACEE.bin (application/octet-stream) in SBGOLOB.F566DUMP.LOAD, moved to F566DUMP/DUMPACEE
2025-04-04 11:53:56.922871 - Found DUMPASCB.bin (application/octet-stream) in SBGOLOB.F566DUMP.LOAD, moved to F566DUMP/DUMPASCB
2025-04-04 11:53:56.922989 - Found DUMPASSB.bin (application/octet-stream) in SBGOLOB.F566DUMP.LOAD, moved to F566DUMP/DUMPASSB
2025-04-04 11:53:56.923106 - Found DUMPASVT.bin (application/octet-stream) in SBGOLOB.F566DUMP.LOAD, moved to F566DUMP/DUMPASVT
2025-04-04 11:53:56.923230 - Found DUMPCSCB.bin (application/octet-stream) in SBGOLOB.F566DUMP.LOAD, moved to F566DUMP/DUMPCSCB
2025-04-04 11:53:56.923345 - Found DUMPCVT.bin (application/octet-stream) in SBGOLOB.F566DUMP.LOAD, moved to F566DUMP/DUMPCVT
2025-04-04 11:53:56.923455 - Found DUMPINMX.bin (application/octet-stream) in SBGOLOB.F566DUMP.LOAD, moved to F566DUMP/DUMPINMX
2025-04-04 11:53:56.923569 - Found DUMPIOVT.bin (application/octet-stream) in SBGOLOB.F566DUMP.LOAD, moved to F566DUMP/DUMPIOVT
2025-04-04 11:53:56.923679 - Found DUMPJCT.bin (application/octet-stream) in SBGOLOB.F566DUMP.LOAD, moved to F566DUMP/DUMPJCT
2025-04-04 11:53:56.923790 - Found DUMPLCT.bin (application/octet-stream) in SBGOLOB.F566DUMP.LOAD, moved to F566DUMP/DUMPLCT
2025-04-04 11:53:56.923906 - Found DUMPLWA.bin (application/octet-stream) in SBGOLOB.F566DUMP.LOAD, moved to F566DUMP/DUMPLWA
2025-04-04 11:53:56.924019 - Found DUMPPCCB.bin (application/octet-stream) in SBGOLOB.F566DUMP.LOAD, moved to F566DUMP/DUMPPCCB
2025-04-04 11:53:56.924130 - Found DUMPPPT.bin (application/octet-stream) in SBGOLOB.F566DUMP.LOAD, moved to F566DUMP/DUMPPPT
2025-04-04 11:53:56.924239 - Found DUMPPSCB.bin (application/octet-stream) in SBGOLOB.F566DUMP.LOAD, moved to F566DUMP/DUMPPSCB
2025-04-04 11:53:56.924353 - Found DUMPRCVT.bin (application/octet-stream) in SBGOLOB.F566DUMP.LOAD, moved to F566DUMP/DUMPRCVT
2025-04-04 11:53:56.924475 - Found DUMPSCT.bin (application/octet-stream) in SBGOLOB.F566DUMP.LOAD, moved to F566DUMP/DUMPSCT
2025-04-04 11:53:56.924611 - Found DUMPTCT.bin (application/octet-stream) in SBGOLOB.F566DUMP.LOAD, moved to F566DUMP/DUMPTCT
2025-04-04 11:53:56.924737 - Found DUMPTIOT.bin (application/octet-stream) in SBGOLOB.F566DUMP.LOAD, moved to F566DUMP/DUMPTIOT
2025-04-04 11:53:56.924855 - Found DUMPTSB.bin (application/octet-stream) in SBGOLOB.F566DUMP.LOAD, moved to F566DUMP/DUMPTSB
2025-04-04 11:53:56.924966 - Found DUMPTSVT.bin (application/octet-stream) in SBGOLOB.F566DUMP.LOAD, moved to F566DUMP/DUMPTSVT
2025-04-04 11:53:56.925077 - Found EPUTL.bin (application/octet-stream) in SBGOLOB.F566DUMP.LOAD, moved to F566DUMP/EPUTL
2025-04-04 11:53:56.925958 - Found GENPARM.txt (text/plain) in SBGOLOB.CBT509.FILE566, moved to PDS/GENPARM
2025-04-04 11:53:56.926079 - Found IGC0024B.txt (text/plain) in SBGOLOB.CBT509.FILE566, moved to PDS/IGC0024B
2025-04-04 11:53:56.926196 - Found IKJTPVT.txt (text/plain) in SBGOLOB.CBT509.FILE566, moved to PDS/IKJTPVT
2025-04-04 11:53:56.926306 - Found IKJXPRM.txt (text/plain) in SBGOLOB.CBT509.FILE566, moved to PDS/IKJXPRM
2025-04-04 11:53:56.926577 - Found IOSDIOVT.txt (text/plain) in SBGOLOB.CBT509.FILE566, moved to PDS/IOSDIOVT
2025-04-04 11:53:56.926731 - Found KMBAPFBD.txt (text/plain) in SBGOLOB.CBT509.FILE566, moved to PDS/KMBAPFBD
2025-04-04 11:53:56.926857 - Found KMBAPFLB.txt (text/plain) in SBGOLOB.CBT509.FILE566, moved to PDS/KMBAPFLB
2025-04-04 11:53:56.926973 - Found KMBAPFLO.txt (text/plain) in SBGOLOB.CBT509.FILE566, moved to PDS/KMBAPFLO
2025-04-04 11:53:56.927092 - Found LNKLIST.txt (text/plain) in SBGOLOB.CBT509.FILE566, moved to PDS/LNKLIST
2025-04-04 11:53:56.927207 - Found LPALIST.txt (text/plain) in SBGOLOB.CBT509.FILE566, moved to PDS/LPALIST
2025-04-04 11:53:56.927321 - Found LPALIST$.jcl (text/plain) in SBGOLOB.CBT509.FILE566, moved to PDS/LPALIST$
2025-04-04 11:53:56.927452 - Found LPALISTO.txt (text/plain) in SBGOLOB.CBT509.FILE566, moved to PDS/LPALISTO
2025-04-04 11:53:56.927587 - Found MVSAREAS.txt (text/plain) in SBGOLOB.CBT509.FILE566, moved to PDS/MVSAREAS
2025-04-04 11:53:56.927747 - Found PRTDUMP.txt (text/plain) in SBGOLOB.CBT509.FILE566, moved to PDS/PRTDUMP
2025-04-04 11:53:56.927907 - Found PRTDUMPT.txt (text/plain) in SBGOLOB.CBT509.FILE566, moved to PDS/PRTDUMPT
2025-04-04 11:53:56.928052 - Found RELEASE.txt (text/plain) in SBGOLOB.CBT509.FILE566, moved to PDS/RELEASE
2025-04-04 11:53:56.928218 - Found RTAPE.txt (text/plain) in SBGOLOB.CBT509.FILE566, moved to PDS/RTAPE
2025-04-04 11:53:56.928367 - Found RTAPE2.txt (text/plain) in SBGOLOB.CBT509.FILE566, moved to PDS/RTAPE2
2025-04-04 11:53:56.928524 - Found SPY.txt (text/plain) in SBGOLOB.CBT509.FILE566, moved to PDS/SPY
2025-04-04 11:53:56.928685 - Found SQAMON.txt (text/plain) in SBGOLOB.CBT509.FILE566, moved to PDS/SQAMON
2025-04-04 11:53:56.928835 - Found STPCOND.txt (text/plain) in SBGOLOB.CBT509.FILE566, moved to PDS/STPCOND
2025-04-04 11:53:56.928994 - Found SWAREQ.txt (text/plain) in SBGOLOB.CBT509.FILE566, moved to PDS/SWAREQ
2025-04-04 11:53:56.929155 - Found SWAREQA.txt (text/plain) in SBGOLOB.CBT509.FILE566, moved to PDS/SWAREQA
2025-04-04 11:53:56.929311 - Found TSOB.rexx (text/plain) in SBGOLOB.CBT509.FILE566, moved to PDS/TSOB
2025-04-04 11:53:56.929451 - Found TSOE.rexx (text/plain) in SBGOLOB.CBT509.FILE566, moved to PDS/TSOE
2025-04-04 11:53:56.929586 - Found TSOR.rexx (text/plain) in SBGOLOB.CBT509.FILE566, moved to PDS/TSOR
2025-04-04 11:53:56.929722 - Found TSOV.rexx (text/plain) in SBGOLOB.CBT509.FILE566, moved to PDS/TSOV
2025-04-04 11:53:56.929908 - Found WAITTIME.txt (text/plain) in SBGOLOB.CBT509.FILE566, moved to PDS/WAITTIME
2025-04-04 11:53:56.930054 - Found WLMREXX.rexx (text/plain) in SBGOLOB.CBT509.FILE566, moved to PDS/WLMREXX
2025-04-04 11:53:56.930201 - Found ZAPDSCB.txt (text/plain) in SBGOLOB.CBT509.FILE566, moved to PDS/ZAPDSCB
2025-04-04 11:53:56.930310 - Found ZAPDSCB$.jcl (text/plain) in SBGOLOB.CBT509.FILE566, moved to PDS/ZAPDSCB$
2025-04-04 11:53:56.930430 - Found ZAPDSCB#.txt (text/plain) in SBGOLOB.CBT509.FILE566, moved to PDS/ZAPDSCB#
2025-04-04 11:53:56.930563 - Found ZAPDSCBA.txt (text/plain) in SBGOLOB.CBT509.FILE566, moved to PDS/ZAPDSCBA
2025-04-04 11:53:56.930703 - Found ZAPDSCB2.txt (text/plain) in SBGOLOB.CBT509.FILE566, moved to PDS/ZAPDSCB2
2025-04-04 11:53:56.930862 - Found ZAPDSCB3.txt (text/plain) in SBGOLOB.CBT509.FILE566, moved to PDS/ZAPDSCB3
